生成启动时间为 2016/3/28 9:05:14。
     1>项目“F:\Face Detection\Code\Face Detection_CV2\Face Detection_CV2\Face Detection_CV2.vcxproj”在节点 2 上(build 个目标)。
     1>InitializeBuildStatus:
         正在创建“Debug\Face Detection_CV2.unsuccessfulbuild”，因为已指定“AlwaysCreate”。
       ClCompile:
         D:\Program Files\Microsoft Visual Studio 10.0\VC\bin\CL.exe /c /ZI /nologo /W3 /WX- /Od /Oy- /D _MBCS /D _AFXDLL /Gm /EHsc /RTC1 /MDd /GS /fp:precise /Zc:wchar_t /Zc:forScope /Fo"Debug\\" /Fd"Debug\vc100.pdb" /Gd /TP /analyze- /errorReport:prompt main.cpp
         main.cpp
     1>f:\face detection\code\face detection_cv2\face detection_cv2\main.cpp(82): warning C4551: 缺少参数列表的函数调用
     1>f:\face detection\code\face detection_cv2\face detection_cv2\main.cpp(96): warning C4244: “参数”: 从“double”转换到“int”，可能丢失数据
     1>f:\face detection\code\face detection_cv2\face detection_cv2\main.cpp(96): warning C4244: “参数”: 从“double”转换到“int”，可能丢失数据
     1>f:\face detection\code\face detection_cv2\face detection_cv2\main.cpp(96): warning C4244: “参数”: 从“double”转换到“int”，可能丢失数据
     1>f:\face detection\code\face detection_cv2\face detection_cv2\main.cpp(145): warning C4244: “参数”: 从“double”转换到“int”，可能丢失数据
     1>f:\face detection\code\face detection_cv2\face detection_cv2\main.cpp(223): warning C4244: “=”: 从“double”转换到“uchar”，可能丢失数据
     1>f:\face detection\code\face detection_cv2\face detection_cv2\main.cpp(350): warning C4244: “参数”: 从“double”转换到“int”，可能丢失数据
     1>f:\face detection\code\face detection_cv2\face detection_cv2\main.cpp(295): warning C4101: “otsu”: 未引用的局部变量
     1>f:\face detection\code\face detection_cv2\face detection_cv2\main.cpp(293): warning C4101: “threValue”: 未引用的局部变量
       Link:
         D:\Program Files\Microsoft Visual Studio 10.0\VC\bin\link.exe /ERRORREPORT:PROMPT /OUT:"F:\Face Detection\Code\Face Detection_CV2\Debug\Face Detection_CV2.exe" /NOLOGO /LIBPATH:D:\opencv\build\x86\vc10\lib opencv_ml249d.lib opencv_calib3d249d.lib opencv_contrib249d.lib opencv_core249d.lib opencv_features2d249d.lib opencv_flann249d.lib opencv_gpu249d.lib opencv_highgui249d.lib opencv_imgproc249d.lib opencv_legacy249d.lib opencv_objdetect249d.lib opencv_ts249d.lib opencv_video249d.lib opencv_nonfree249d.lib opencv_ocl249d.lib opencv_photo249d.lib opencv_stitching249d.lib opencv_superres249d.lib opencv_videostab249d.lib opencv_objdetect249.lib opencv_ts249.lib opencv_video249.lib opencv_nonfree249.lib opencv_ocl249.lib opencv_photo249.lib opencv_stitching249.lib opencv_superres249.lib opencv_videostab249.lib opencv_calib3d249.lib opencv_contrib249.lib opencv_core249.lib opencv_features2d249.lib opencv_flann249.lib opencv_gpu249.lib opencv_highgui249.lib opencv_imgproc249.lib opencv_legacy249.lib opencv_ml249.lib /MANIFEST /ManifestFile:"Debug\Face Detection_CV2.exe.intermediate.manifest" /MANIFESTUAC:"level='asInvoker' uiAccess='false'" /DEBUG /PDB:"F:\Face Detection\Code\Face Detection_CV2\Debug\Face Detection_CV2.pdb" /TLBID:1 /DYNAMICBASE /NXCOMPAT /IMPLIB:"F:\Face Detection\Code\Face Detection_CV2\Debug\Face Detection_CV2.lib" /MACHINE:X86 Debug\main.obj
         LINK : 没有找到 F:\Face Detection\Code\Face Detection_CV2\Debug\Face Detection_CV2.exe 或上一个增量链接没有生成它；正在执行完全链接
         Face Detection_CV2.vcxproj -> F:\Face Detection\Code\Face Detection_CV2\Debug\Face Detection_CV2.exe
       Manifest:
         C:\Program Files\Microsoft SDKs\Windows\v7.0A\bin\mt.exe /nologo /verbose /outputresource:"F:\Face Detection\Code\Face Detection_CV2\Debug\Face Detection_CV2.exe;#1" /manifest "Debug\Face Detection_CV2.exe.intermediate.manifest" "D:\Program Files\Microsoft Visual Studio 10.0\VC\Include\Manifest\dpiaware.manifest"
       FinalizeBuildStatus:
         正在删除文件“Debug\Face Detection_CV2.unsuccessfulbuild”。
         正在对“Debug\Face Detection_CV2.lastbuildstate”执行 Touch 任务。
     1>已完成生成项目“F:\Face Detection\Code\Face Detection_CV2\Face Detection_CV2\Face Detection_CV2.vcxproj”(build 个目标)的操作。

生成成功。

已用时间 00:00:05.21
